---------- Date: 2016-10-19 12:56:00 ~ IP : 127.0.0.1 ----------
REQUEST URI : /
MOD DETAILS:
   modFile   : D:\Server\OpenServer\domains\dev2.inkubator.kiev.ua\vqmod/xml/ML_seo_keywords.xml
   id        : Multi Language SEO Keywords
   version   : 1.0.0
   vqmver    : 2.1.5
   author    : ovife21

File Name    : catalog/controller/common/home.php(0)
VQModObject::applyMod - SEARCH NOT FOUND (ABORTING MOD): $this->config->get('config_title')

----------------------------------------------------------------------


---------- Date: 2016-10-19 12:56:15 ~ IP : 127.0.0.1 ----------
REQUEST URI : /
MOD DETAILS:
   modFile   : D:\Server\OpenServer\domains\dev2.inkubator.kiev.ua\vqmod/xml/ML_seo_keywords.xml
   id        : Multi Language SEO Keywords
   version   : 1.0.0
   vqmver    : 2.1.5
   author    : ovife21

File Name    : catalog/controller/common/home.php(0)
VQModObject::applyMod - SEARCH NOT FOUND (ABORTING MOD): $this->config->get('config_title')

----------------------------------------------------------------------


---------- Date: 2016-10-19 12:56:16 ~ IP : 127.0.0.1 ----------
REQUEST URI : /admin/index.php?route=setting/store&token=QdYSy2ZjNd1Q4VypSZVtmNYMNVSDs8Fq
MOD DETAILS:
   modFile   : D:\Server\OpenServer\domains\dev2.inkubator.kiev.ua\vqmod/xml/ML_seo_keywords.xml
   id        : Multi Language SEO Keywords
   version   : 1.0.0
   vqmver    : 2.1.5
   author    : ovife21

File Name    : admin/controller/setting/store.php(0)
VQModObject::applyMod - SEARCH NOT FOUND (ABORTING MOD): if (isset($this->request->post['config_title'])) {

----------------------------------------------------------------------


---------- Date: 2016-10-19 12:56:23 ~ IP : 127.0.0.1 ----------
REQUEST URI : /admin/index.php?route=setting/setting&token=QdYSy2ZjNd1Q4VypSZVtmNYMNVSDs8Fq
MOD DETAILS:
   modFile   : D:\Server\OpenServer\domains\dev2.inkubator.kiev.ua\vqmod/xml/ML_seo_keywords.xml
   id        : Multi Language SEO Keywords
   version   : 1.0.0
   vqmver    : 2.1.5
   author    : ovife21

File Name    : admin/controller/setting/setting.php(0)
VQModObject::applyMod - SEARCH NOT FOUND (ABORTING MOD): if (isset($this->request->post['config_title'])) {

----------------------------------------------------------------------


---------- Date: 2016-10-19 12:56:23 ~ IP : 127.0.0.1 ----------
REQUEST URI : /admin/index.php?route=setting/setting/template&token=QdYSy2ZjNd1Q4VypSZVtmNYMNVSDs8Fq&template=up-theme
MOD DETAILS:
   modFile   : D:\Server\OpenServer\domains\dev2.inkubator.kiev.ua\vqmod/xml/ML_seo_keywords.xml
   id        : Multi Language SEO Keywords
   version   : 1.0.0
   vqmver    : 2.1.5
   author    : ovife21

File Name    : admin/controller/setting/setting.php(0)
VQModObject::applyMod - SEARCH NOT FOUND (ABORTING MOD): if (isset($this->request->post['config_title'])) {

----------------------------------------------------------------------


---------- Date: 2016-10-19 12:56:29 ~ IP : 127.0.0.1 ----------
REQUEST URI : /admin/index.php?route=setting/setting&token=QdYSy2ZjNd1Q4VypSZVtmNYMNVSDs8Fq
MOD DETAILS:
   modFile   : D:\Server\OpenServer\domains\dev2.inkubator.kiev.ua\vqmod/xml/ML_seo_keywords.xml
   id        : Multi Language SEO Keywords
   version   : 1.0.0
   vqmver    : 2.1.5
   author    : ovife21

File Name    : admin/controller/setting/setting.php(0)
VQModObject::applyMod - SEARCH NOT FOUND (ABORTING MOD): if (isset($this->request->post['config_title'])) {

----------------------------------------------------------------------


---------- Date: 2016-10-19 12:56:30 ~ IP : 127.0.0.1 ----------
REQUEST URI : /admin/index.php?route=setting/store&token=QdYSy2ZjNd1Q4VypSZVtmNYMNVSDs8Fq
MOD DETAILS:
   modFile   : D:\Server\OpenServer\domains\dev2.inkubator.kiev.ua\vqmod/xml/ML_seo_keywords.xml
   id        : Multi Language SEO Keywords
   version   : 1.0.0
   vqmver    : 2.1.5
   author    : ovife21

File Name    : admin/controller/setting/store.php(0)
VQModObject::applyMod - SEARCH NOT FOUND (ABORTING MOD): if (isset($this->request->post['config_title'])) {

----------------------------------------------------------------------


---------- Date: 2016-10-19 12:56:33 ~ IP : 127.0.0.1 ----------
REQUEST URI : /
MOD DETAILS:
   modFile   : D:\Server\OpenServer\domains\dev2.inkubator.kiev.ua\vqmod/xml/ML_seo_keywords.xml
   id        : Multi Language SEO Keywords
   version   : 1.0.0
   vqmver    : 2.1.5
   author    : ovife21

File Name    : catalog/controller/common/home.php(0)
VQModObject::applyMod - SEARCH NOT FOUND (ABORTING MOD): $this->config->get('config_title')

----------------------------------------------------------------------


---------- Date: 2016-10-19 12:56:48 ~ IP : 127.0.0.1 ----------
REQUEST URI : /
MOD DETAILS:
   modFile   : D:\Server\OpenServer\domains\dev2.inkubator.kiev.ua\vqmod/xml/ML_seo_keywords.xml
   id        : Multi Language SEO Keywords
   version   : 1.0.0
   vqmver    : 2.1.5
   author    : ovife21

File Name    : catalog/controller/common/home.php(0)
VQModObject::applyMod - SEARCH NOT FOUND (ABORTING MOD): $this->config->get('config_title')

----------------------------------------------------------------------


---------- Date: 2016-10-19 12:57:02 ~ IP : 127.0.0.1 ----------
REQUEST URI : /admin/index.php?route=setting/setting&token=QdYSy2ZjNd1Q4VypSZVtmNYMNVSDs8Fq
MOD DETAILS:
   modFile   : D:\Server\OpenServer\domains\dev2.inkubator.kiev.ua\vqmod/xml/ML_seo_keywords.xml
   id        : Multi Language SEO Keywords
   version   : 1.0.0
   vqmver    : 2.1.5
   author    : ovife21

File Name    : admin/controller/setting/setting.php(0)
VQModObject::applyMod - SEARCH NOT FOUND (ABORTING MOD): if (isset($this->request->post['config_title'])) {

----------------------------------------------------------------------


---------- Date: 2016-10-19 12:57:02 ~ IP : 127.0.0.1 ----------
REQUEST URI : /admin/index.php?route=setting/setting/template&token=QdYSy2ZjNd1Q4VypSZVtmNYMNVSDs8Fq&template=up-theme
MOD DETAILS:
   modFile   : D:\Server\OpenServer\domains\dev2.inkubator.kiev.ua\vqmod/xml/ML_seo_keywords.xml
   id        : Multi Language SEO Keywords
   version   : 1.0.0
   vqmver    : 2.1.5
   author    : ovife21

File Name    : admin/controller/setting/setting.php(0)
VQModObject::applyMod - SEARCH NOT FOUND (ABORTING MOD): if (isset($this->request->post['config_title'])) {

----------------------------------------------------------------------


---------- Date: 2016-10-19 12:57:08 ~ IP : 127.0.0.1 ----------
REQUEST URI : /
MOD DETAILS:
   modFile   : D:\Server\OpenServer\domains\dev2.inkubator.kiev.ua\vqmod/xml/ML_seo_keywords.xml
   id        : Multi Language SEO Keywords
   version   : 1.0.0
   vqmver    : 2.1.5
   author    : ovife21

File Name    : catalog/controller/common/home.php(0)
VQModObject::applyMod - SEARCH NOT FOUND (ABORTING MOD): $this->config->get('config_title')

----------------------------------------------------------------------


---------- Date: 2016-10-19 12:57:17 ~ IP : 127.0.0.1 ----------
REQUEST URI : /
MOD DETAILS:
   modFile   : D:\Server\OpenServer\domains\dev2.inkubator.kiev.ua\vqmod/xml/ML_seo_keywords.xml
   id        : Multi Language SEO Keywords
   version   : 1.0.0
   vqmver    : 2.1.5
   author    : ovife21

File Name    : catalog/controller/common/home.php(0)
VQModObject::applyMod - SEARCH NOT FOUND (ABORTING MOD): $this->config->get('config_title')

----------------------------------------------------------------------


---------- Date: 2016-10-19 12:58:00 ~ IP : 127.0.0.1 ----------
REQUEST URI : /
MOD DETAILS:
   modFile   : D:\Server\OpenServer\domains\dev2.inkubator.kiev.ua\vqmod/xml/ML_seo_keywords.xml
   id        : Multi Language SEO Keywords
   version   : 1.0.0
   vqmver    : 2.1.5
   author    : ovife21

File Name    : catalog/controller/common/home.php(0)
VQModObject::applyMod - SEARCH NOT FOUND (ABORTING MOD): $this->config->get('config_title')

----------------------------------------------------------------------


