---------- Date: 2016-10-20 15:55:52 ~ IP : 127.0.0.1 ----------
REQUEST URI : /
MOD DETAILS:
   modFile   : D:\Server\OpenServer\domains\dev2.inkubator.kiev.ua\vqmod/xml/ML_seo_keywords.xml
   id        : Multi Language SEO Keywords
   version   : 1.0.0
   vqmver    : 2.1.5
   author    : ovife21

File Name    : catalog/controller/common/home.php(0)
VQModObject::applyMod - SEARCH NOT FOUND (ABORTING MOD): $this->config->get('config_title')

----------------------------------------------------------------------


---------- Date: 2016-10-20 15:56:13 ~ IP : 127.0.0.1 ----------
REQUEST URI : /admin/index.php?route=setting/store&token=uA3LQV2HJkEjbmXLnve9L7F59BBK9GwG
MOD DETAILS:
   modFile   : D:\Server\OpenServer\domains\dev2.inkubator.kiev.ua\vqmod/xml/ML_seo_keywords.xml
   id        : Multi Language SEO Keywords
   version   : 1.0.0
   vqmver    : 2.1.5
   author    : ovife21

File Name    : admin/controller/setting/store.php(0)
VQModObject::applyMod - SEARCH NOT FOUND (ABORTING MOD): if (isset($this->request->post['config_title'])) {

----------------------------------------------------------------------


---------- Date: 2016-10-20 15:56:16 ~ IP : 127.0.0.1 ----------
REQUEST URI : /admin/index.php?route=setting/setting&token=uA3LQV2HJkEjbmXLnve9L7F59BBK9GwG
MOD DETAILS:
   modFile   : D:\Server\OpenServer\domains\dev2.inkubator.kiev.ua\vqmod/xml/ML_seo_keywords.xml
   id        : Multi Language SEO Keywords
   version   : 1.0.0
   vqmver    : 2.1.5
   author    : ovife21

File Name    : admin/controller/setting/setting.php(0)
VQModObject::applyMod - SEARCH NOT FOUND (ABORTING MOD): if (isset($this->request->post['config_title'])) {

----------------------------------------------------------------------


---------- Date: 2016-10-20 15:56:17 ~ IP : 127.0.0.1 ----------
REQUEST URI : /admin/index.php?route=setting/setting/template&token=uA3LQV2HJkEjbmXLnve9L7F59BBK9GwG&template=up-theme
MOD DETAILS:
   modFile   : D:\Server\OpenServer\domains\dev2.inkubator.kiev.ua\vqmod/xml/ML_seo_keywords.xml
   id        : Multi Language SEO Keywords
   version   : 1.0.0
   vqmver    : 2.1.5
   author    : ovife21

File Name    : admin/controller/setting/setting.php(0)
VQModObject::applyMod - SEARCH NOT FOUND (ABORTING MOD): if (isset($this->request->post['config_title'])) {

----------------------------------------------------------------------


---------- Date: 2016-10-20 15:56:26 ~ IP : 127.0.0.1 ----------
REQUEST URI : /admin/index.php?route=setting/setting&token=uA3LQV2HJkEjbmXLnve9L7F59BBK9GwG
MOD DETAILS:
   modFile   : D:\Server\OpenServer\domains\dev2.inkubator.kiev.ua\vqmod/xml/ML_seo_keywords.xml
   id        : Multi Language SEO Keywords
   version   : 1.0.0
   vqmver    : 2.1.5
   author    : ovife21

File Name    : admin/controller/setting/setting.php(0)
VQModObject::applyMod - SEARCH NOT FOUND (ABORTING MOD): if (isset($this->request->post['config_title'])) {

----------------------------------------------------------------------


---------- Date: 2016-10-20 15:56:27 ~ IP : 127.0.0.1 ----------
REQUEST URI : /admin/index.php?route=setting/setting/template&token=uA3LQV2HJkEjbmXLnve9L7F59BBK9GwG&template=up-theme
MOD DETAILS:
   modFile   : D:\Server\OpenServer\domains\dev2.inkubator.kiev.ua\vqmod/xml/ML_seo_keywords.xml
   id        : Multi Language SEO Keywords
   version   : 1.0.0
   vqmver    : 2.1.5
   author    : ovife21

File Name    : admin/controller/setting/setting.php(0)
VQModObject::applyMod - SEARCH NOT FOUND (ABORTING MOD): if (isset($this->request->post['config_title'])) {

----------------------------------------------------------------------


---------- Date: 2016-10-20 15:56:30 ~ IP : 127.0.0.1 ----------
REQUEST URI : /
MOD DETAILS:
   modFile   : D:\Server\OpenServer\domains\dev2.inkubator.kiev.ua\vqmod/xml/ML_seo_keywords.xml
   id        : Multi Language SEO Keywords
   version   : 1.0.0
   vqmver    : 2.1.5
   author    : ovife21

File Name    : catalog/controller/common/home.php(0)
VQModObject::applyMod - SEARCH NOT FOUND (ABORTING MOD): $this->config->get('config_title')

----------------------------------------------------------------------


---------- Date: 2016-10-20 15:58:34 ~ IP : 127.0.0.1 ----------
REQUEST URI : /
MOD DETAILS:
   modFile   : D:\Server\OpenServer\domains\dev2.inkubator.kiev.ua\vqmod/xml/ML_seo_keywords.xml
   id        : Multi Language SEO Keywords
   version   : 1.0.0
   vqmver    : 2.1.5
   author    : ovife21

File Name    : catalog/controller/common/home.php(0)
VQModObject::applyMod - SEARCH NOT FOUND (ABORTING MOD): $this->config->get('config_title')

----------------------------------------------------------------------


